{"/Users/jipengfei/projects/webDva/src/sum.js": {"path":"/Users/jipengfei/projects/webDva/src/sum.js","statementMap":{"0":{"start":{"line":2,"column":1},"end":{"line":2,"column":13}}},"fnMap":{"0":{"name":"sum","decl":{"start":{"line":1,"column":9},"end":{"line":1,"column":12}},"loc":{"start":{"line":1,"column":19},"end":{"line":3,"column":1}},"line":1}},"branchMap":{},"s":{"0":4},"f":{"0":4},"b":{},"_coverageSchema":"43e27e138ebf9cfc5966b082cf9a028302ed4184","hash":"cdc93de42e0f38854090b20c8cceb0e522f6694d"}
,"/Users/jipengfei/projects/webDva/src/components/Tooltip/index.js": {"path":"/Users/jipengfei/projects/webDva/src/components/Tooltip/index.js","statementMap":{"0":{"start":{"line":7,"column":35},"end":{"line":11,"column":1}},"1":{"start":{"line":8,"column":1},"end":{"line":10,"column":12}}},"fnMap":{"0":{"name":"(anonymous_0)","decl":{"start":{"line":7,"column":35},"end":{"line":7,"column":36}},"loc":{"start":{"line":8,"column":1},"end":{"line":10,"column":12}},"line":8}},"branchMap":{},"s":{"0":1,"1":1},"f":{"0":1},"b":{},"_coverageSchema":"43e27e138ebf9cfc5966b082cf9a028302ed4184","hash":"4cc1551e3dbf3ac9808071049dbf306783e158ab"}
}
